app/build/outputs/mapping/release/seeds.txt
app.vercel.pwatesting.twa.Application
app.vercel.pwatesting.twa.LauncherActivity
app.vercel.pwatesting.twa.LauncherActivity: LauncherActivity()
app.vercel.pwatesting.twa.Application: Application()
...
androidx.versionedparcelable.ParcelImpl
android.support.v4.graphics.drawable.IconCompatParcelizer: androidx.core.graphics.drawable.IconCompat read(androidx.versionedparcelable.VersionedParcel)
androidx.lifecycle.SingleGeneratedAdapterObserver
com.google.androidbrowserhelper.trusted.WebViewFallbackActivity
com.google.androidbrowserhelper.trusted.LauncherActivity: LauncherActivity()
android.support.v4.graphics.drawable.IconCompatParcelizer
androidx.lifecycle.CompositeGeneratedAdaptersObserver
com.google.androidbrowserhelper.R$drawable: int notification_bg
com.google.androidbrowserhelper.R$drawable: int notification_bg_low_normal
androidx.core.app.CoreComponentFactory: CoreComponentFactory()
androidx.browser.R$dimen: int compat_button_inset_horizontal_material
androidx.browser.R$dimen: int notification_top_pad
androidx.browser.R$dimen: int notification_large_icon_width
androidx.browser.R$dimen: int notification_large_icon_height
com.google.androidbrowserhelper.R$string: int status_bar_notification_info_overflow
androidx.versionedparcelable.CustomVersionedParcelable: CustomVersionedParcelable()
android.support.v4.app.RemoteActionCompatParcelizer: void write(androidx.core.app.RemoteActionCompat,androidx.versionedparcelable.VersionedParcel)
androidx.core.app.CoreComponentFactory
androidx.versionedparcelable.ParcelImpl: android.os.Parcelable$Creator CREATOR
androidx.core.graphics.drawable.IconCompat: IconCompat()
androidx.lifecycle.ReflectiveGenericLifecycleObserver
android.support.v4.app.RemoteActionCompatParcelizer: androidx.core.app.RemoteActionCompat read(androidx.versionedparcelable.VersionedParcel)
com.google.androidbrowserhelper.R$drawable: int notification_bg_low_pressed
androidx.core.graphics.drawable.IconCompatParcelizer: androidx.core.graphics.drawable.IconCompat read(androidx.versionedparcelable.VersionedParcel)
androidx.core.app.RemoteActionCompatParcelizer: androidx.core.app.RemoteActionCompat read(androidx.versionedparcelable.VersionedParcel)
androidx.browser.R$dimen: int compat_button_padding_vertical_material
androidx.core.app.RemoteActionCompatParcelizer: RemoteActionCompatParcelizer()
androidx.versionedparcelable.CustomVersionedParcelable
android.support.v4.graphics.drawable.IconCompatParcelizer: IconCompatParcelizer()
androidx.core.app.RemoteActionCompat: RemoteActionCompat()
com.google.androidbrowserhelper.R$drawable: int notification_template_icon_bg
androidx.browser.R$dimen: int compat_button_padding_horizontal_material
androidx.browser.R$dimen: int notification_top_pad_large_text
com.google.androidbrowserhelper.R$drawable: int notification_template_icon_low_bg
androidx.browser.R$dimen: int notification_subtext_size
com.google.androidbrowserhelper.R$string: int manage_space_not_supported_toast
androidx.core.content.FileProvider: FileProvider()
androidx.browser.trusted.TrustedWebActivityService: TrustedWebActivityService()
com.google.androidbrowserhelper.trusted.ManageDataLauncherActivity
androidx.core.app.RemoteActionCompat
com.google.androidbrowserhelper.R$drawable: int notification_action_background
androidx.browser.R$dimen: int notification_small_icon_background_padding
androidx.core.graphics.drawable.IconCompat
com.google.androidbrowserhelper.trusted.DelegationService
com.google.androidbrowserhelper.R$string: int update_chrome_toast
com.google.androidbrowserhelper.R$drawable: int notification_bg_normal
androidx.core.graphics.drawable.IconCompatParcelizer: IconCompatParcelizer()
com.google.androidbrowserhelper.trusted.FocusActivity
com.google.androidbrowserhelper.R$string: int app_name
androidx.browser.R$dimen: int compat_control_corner_material
androidx.browser.R$dimen: int notification_big_circle_margin
androidx.browser.R$dimen: int notification_right_side_padding_top
com.google.androidbrowserhelper.R$drawable: int notification_bg_normal_pressed
androidx.browser.R$dimen: int notification_main_column_padding_top
androidx.browser.R$dimen: int compat_notification_large_icon_max_width