app/build/outputs/mapping/release/mapping.txt
# compiler: R8
# compiler_version: 2.0.74
# min_api: 19
# pg_map_id: 1485cdf
# common_typos_disable
app.vercel.pwatesting.twa.LauncherActivity -> app.vercel.pwatesting.twa.LauncherActivity:
    android.net.Uri getLaunchingUrl() -> d
...
androidx.browser.customtabs.CustomTabsIntent -> b.a.b.d:
    android.content.Intent intent -> a
    android.os.Bundle startAnimationBundle -> b
    androidx.browser.customtabs.CustomTabColorSchemeParams getColorSchemeParams(android.content.Intent,int) -> a
    void launchUrl(android.content.Context,android.net.Uri) -> b
androidx.browser.customtabs.CustomTabsIntent$Builder -> b.a.b.d$a:
    androidx.browser.customtabs.CustomTabColorSchemeParams$Builder mDefaultColorSchemeBuilder -> b
    android.content.Intent mIntent -> a
    android.os.Bundle mStartAnimationBundle -> d
    android.util.SparseArray mColorSchemeParamBundles -> g
    boolean mInstantAppsEnabled -> f
    java.util.ArrayList mActionButtons -> e
    java.util.ArrayList mMenuItems -> c
    androidx.browser.customtabs.CustomTabsIntent build() -> a
    androidx.browser.customtabs.CustomTabsIntent$Builder setColorScheme(int) -> b
    androidx.browser.customtabs.CustomTabsIntent$Builder setColorSchemeParams(int,androidx.browser.customtabs.CustomTabColorSchemeParams) -> c
    androidx.browser.customtabs.CustomTabsIntent$Builder setNavigationBarColor(int) -> d
    androidx.browser.customtabs.CustomTabsIntent$Builder setSession(androidx.browser.customtabs.CustomTabsSession) -> e
    void setSessionParameters(android.os.IBinder,android.app.PendingIntent) -> f
    androidx.browser.customtabs.CustomTabsIntent$Builder setToolbarColor(int) -> g
androidx.browser.customtabs.CustomTabsServiceConnection -> b.a.b.e:
    android.content.Context mApplicationContext -> a
    void onCustomTabsServiceConnected(android.content.ComponentName,androidx.browser.customtabs.CustomTabsClient) -> a
    void setApplicationContext(android.content.Context) -> b
androidx.browser.customtabs.CustomTabsServiceConnection$1 -> b.a.b.e$a:
androidx.browser.customtabs.CustomTabsSession -> b.a.b.f:
    android.support.customtabs.ICustomTabsCallback mCallback -> b
    android.content.ComponentName mComponentName -> c
    android.support.customtabs.ICustomTabsService mService -> a
    android.app.PendingIntent mId -> d
    void addIdToBundle(android.os.Bundle) -> a
    android.os.Bundle createBundleWithId(android.os.Bundle) -> b
    android.os.IBinder getBinder() -> c
    android.content.ComponentName getComponentName() -> d
    android.app.PendingIntent getId() -> e
    boolean receiveFile(android.net.Uri,int,android.os.Bundle) -> f
    boolean validateRelationship(int,android.net.Uri,android.os.Bundle) -> g
androidx.browser.customtabs.TrustedWebUtils -> b.a.b.g:
    boolean areSplashScreensSupported(android.content.Context,java.lang.String,java.lang.String) -> a
    boolean transferSplashImage(android.content.Context,java.io.File,java.lang.String,java.lang.String,androidx.browser.customtabs.CustomTabsSession) -> b
androidx.browser.trusted.-$$Lambda$TokenContents$EhAh0EiAbuzFn6siY46Fy8sz2WQ -> b.a.c.a:
    androidx.browser.trusted.-$$Lambda$TokenContents$EhAh0EiAbuzFn6siY46Fy8sz2WQ INSTANCE -> a
androidx.browser.trusted.NotificationApiHelperForM -> b.a.c.b:
    android.os.Parcelable[] getActiveNotifications(android.app.NotificationManager) -> a
androidx.browser.trusted.NotificationApiHelperForO -> b.a.c.c:
    android.app.Notification copyNotificationOntoChannel(android.content.Context,android.app.NotificationManager,android.app.Notification,java.lang.String,java.lang.String) -> a
    boolean isChannelEnabled(android.app.NotificationManager,java.lang.String) -> b
androidx.browser.trusted.PackageIdentityUtils -> b.a.c.d:
    byte[] getCertificateSHA256Fingerprint(android.content.pm.Signature) -> a
    java.util.List getFingerprintsForPackage(java.lang.String,android.content.pm.PackageManager) -> b
    androidx.browser.trusted.PackageIdentityUtils$SignaturesCompat getImpl() -> c
    boolean packageMatchesToken(java.lang.String,android.content.pm.PackageManager,androidx.browser.trusted.TokenContents) -> d