app/build/outputs/mapping/release/usage.txt
app.vercel.pwatesting.twa.R$styleable
app.vercel.pwatesting.twa.R
app.vercel.pwatesting.twa.R$dimen
app.vercel.pwatesting.twa.R$color
app.vercel.pwatesting.twa.R$bool
app.vercel.pwatesting.twa.R$attr
app.vercel.pwatesting.twa.R$raw
app.vercel.pwatesting.twa.R$xml
app.vercel.pwatesting.twa.R$id
app.vercel.pwatesting.twa.R$layout
app.vercel.pwatesting.twa.BuildConfig
app.vercel.pwatesting.twa.R$mipmap
app.vercel.pwatesting.twa.R$integer
app.vercel.pwatesting.twa.R$drawable
app.vercel.pwatesting.twa.R$style
app.vercel.pwatesting.twa.R$string
...
androidx.core.util.TimeUtils
com.google.androidbrowserhelper.trusted.TwaProviderPicker:
    public void <init>()
    static void restrictToPackageForTesting(java.lang.String)
    private static final java.lang.String TAG
androidx.core.widget.TextViewCompat$OreoCallback
androidx.core.app.AppOpsManagerCompat
androidx.annotation.ArrayRes
androidx.core.util.PatternsCompat
androidx.annotation.StyleRes
androidx.core.net.DatagramSocketWrapper
androidx.core.app.Person$Builder
androidx.core.content.MimeTypeFilter
androidx.core.view.DisplayCutoutCompat
androidx.core.app.NotificationCompat$NotificationVisibility
androidx.concurrent.futures.AbstractResolvableFuture$Waiter
android.support.v4.os.ResultReceiver$MyResultReceiver
androidx.browser.browseractions.BrowserActionItem
androidx.core.os.ParcelableCompat$ParcelableCompatCreatorHoneycombMR2
androidx.core.widget.AutoScrollHelper
androidx.arch.core.internal.SafeIterableMap$SupportRemove
androidx.core.content.FileProvider:
    private static final java.lang.String META_DATA_FILE_PROVIDER_PATHS
    private static final java.lang.String TAG_ROOT_PATH
    private static final java.lang.String TAG_FILES_PATH
    private static final java.lang.String TAG_CACHE_PATH
    private static final java.lang.String TAG_EXTERNAL
    private static final java.lang.String TAG_EXTERNAL_FILES
    private static final java.lang.String TAG_EXTERNAL_CACHE
    private static final java.lang.String TAG_EXTERNAL_MEDIA
    private static final java.lang.String ATTR_NAME
    private static final java.lang.String ATTR_PATH
androidx.browser.trusted.TrustedWebActivityServiceConnection$CancelNotificationArgs:
    public android.os.Bundle toBundle()
androidx.core.text.util.FindAddress$ZipRange
androidx.core.view.VelocityTrackerCompat
androidx.core.view.inputmethod.InputConnectionCompat
androidx.core.app.FrameMetricsAggregator$FrameMetricsApi24Impl$1
androidx.core.app.NotificationCompat$Style
androidx.core.text.PrecomputedTextCompat$PrecomputedTextFutureTask$PrecomputedTextCallback
androidx.browser.customtabs.CustomTabsSessionToken$1
androidx.lifecycle.LifecycleRegistry$1
androidx.core.app.ActivityRecreator$3
androidx.core.content.pm.ShortcutInfoCompatSaver
androidx.core.widget.NestedScrollView$AccessibilityDelegate
androidx.core.widget.TintableCompoundButton
androidx.browser.trusted.TrustedWebActivityServiceConnection$NotificationsEnabledArgs:
    public android.os.Bundle toBundle()
androidx.core.view.accessibility.AccessibilityManagerCompat$AccessibilityStateChangeListenerCompat
androidx.core.content.ContextCompat:
    protected void <init>()
    public static boolean startActivities(android.content.Context,android.content.Intent[])
    public static boolean startActivities(android.content.Context,android.content.Intent[],android.os.Bundle)
    public static java.io.File getDataDir(android.content.Context)
    public static java.io.File[] getObbDirs(android.content.Context)
    public static android.content.res.ColorStateList getColorStateList(android.content.Context,int)
    public static int checkSelfPermission(android.content.Context,java.lang.String)
    public static java.io.File getNoBackupFilesDir(android.content.Context)
    public static java.io.File getCodeCacheDir(android.content.Context)
    private static synchronized java.io.File createFilesDir(java.io.File)
    public static android.content.Context createDeviceProtectedStorageContext(android.content.Context)
    public static boolean isDeviceProtectedStorage(android.content.Context)
    public static java.util.concurrent.Executor getMainExecutor(android.content.Context)
    public static void startForegroundService(android.content.Context,android.content.Intent)
    public static java.lang.Object getSystemService(android.content.Context,java.lang.Class)
    public static java.lang.String getSystemServiceName(android.content.Context,java.lang.Class)
    private static final java.lang.String TAG
androidx.annotation.Dimension